<?xml version="1.0" encoding="UTF-8"?>
<testng-results ignored="0" total="1" passed="1" failed="0" skipped="0">
  <reporter-output>
  </reporter-output>
  <suite started-at="2026-06-25T19:47:44 IST" name="Default suite" finished-at="2026-06-25T19:48:16 IST" duration-ms="32377">
    <groups>
    </groups>
    <test started-at="2026-06-25T19:47:44 IST" name="Default test" finished-at="2026-06-25T19:48:16 IST" duration-ms="32377">
      <class name="crm.opportunity.OpportunityTest">
        <test-method is-config="true" signature="setUp()[pri:0, instance:crm.opportunity.OpportunityTest@682b2fa]" started-at="2026-06-25T19:47:44 IST" name="setUp" finished-at="2026-06-25T19:47:45 IST" duration-ms="1626" status="PASS">
          <reporter-output>
          </reporter-output>
        </test-method> <!-- setUp -->
        <test-method is-config="true" signature="login()[pri:0, instance:crm.opportunity.OpportunityTest@682b2fa]" started-at="2026-06-25T19:47:45 IST" name="login" finished-at="2026-06-25T19:47:51 IST" duration-ms="5301" status="PASS">
          <reporter-output>
          </reporter-output>
        </test-method> <!-- login -->
        <test-method signature="createOpportunityTest()[pri:0, instance:crm.opportunity.OpportunityTest@682b2fa]" started-at="2026-06-25T19:47:51 IST" name="createOpportunityTest" finished-at="2026-06-25T19:48:12 IST" duration-ms="21927" status="PASS">
          <reporter-output>
          </reporter-output>
        </test-method> <!-- createOpportunityTest -->
        <test-method is-config="true" signature="logout()[pri:0, instance:crm.opportunity.OpportunityTest@682b2fa]" started-at="2026-06-25T19:48:12 IST" name="logout" finished-at="2026-06-25T19:48:15 IST" duration-ms="3062" status="PASS">
          <reporter-output>
          </reporter-output>
        </test-method> <!-- logout -->
        <test-method is-config="true" signature="tearDown()[pri:0, instance:crm.opportunity.OpportunityTest@682b2fa]" started-at="2026-06-25T19:48:16 IST" name="tearDown" finished-at="2026-06-25T19:48:16 IST" duration-ms="385" status="PASS">
          <reporter-output>
          </reporter-output>
        </test-method> <!-- tearDown -->
      </class> <!-- crm.opportunity.OpportunityTest -->
    </test> <!-- Default test -->
  </suite> <!-- Default suite -->
</testng-results>
