<?xml version="1.0" encoding="UTF-8"?>
<!-- Generated by org.testng.reporters.JUnitXMLReporter -->
<testsuite ignored="0" hostname="Zebronics" failures="0" tests="7" name="Test" time="156.508" errors="0" timestamp="2026-06-25T20:49:53 IST">
  <testcase classname="crm.login.LoginTest" name="loginTest" time="0.25"/>
  <testcase classname="crm.org.CreateOrganizationTest" name="createOrganizationTest" time="15.102"/>
  <testcase classname="crm.contact.ContactTest" name="createContactTest" time="14.524"/>
  <testcase classname="crm.opportunity.OpportunityTest" name="createOpportunityTest" time="18.614"/>
  <testcase classname="crm.lead.LeadTest" name="createLeadTest" time="14.277"/>
  <testcase classname="crm.products.CreateProductTest" name="createProductTest" time="15.451"/>
  <testcase classname="crm.documents.UploadDocumentTest" name="uploadDocumentTest" time="12.689"/>
</testsuite> <!-- Test -->
